<?xml version="1.0" encoding="UTF-8"?>
<robot generator="Robot 4.0.3 (Python 3.9.5 on win32)" generated="20210622 23:01:13.773" rpa="false" schemaversion="2">
<suite id="s1" name="TestSites" source="C:\PROJ_ROBOT\SuiteSiteTestePractice\tests\TestSites.robot">
<test id="s1-t1" name="Caso de teste 01: Pesquisar produto existente">
<kw name="Abrir navegador" library="Resource" type="SETUP">
<kw name="Open Browser" library="SeleniumLibrary">
<arg>about:blank</arg>
<arg>${BROWSER}</arg>
<doc>Opens a new browser instance to the optional ``url``.</doc>
<msg timestamp="20210622 23:01:13.944" level="INFO">Opening browser 'chrome' to base url 'about:blank'.</msg>
<status status="PASS" starttime="20210622 23:01:13.944" endtime="20210622 23:01:15.347"/>
</kw>
<status status="PASS" starttime="20210622 23:01:13.944" endtime="20210622 23:01:15.348"/>
</kw>
<kw name="Acessar a pagina home do site" library="Resource">
<kw name="Go To" library="SeleniumLibrary">
<arg>http://automationpractice.com</arg>
<doc>Navigates the current browser window to the provided ``url``.</doc>
<msg timestamp="20210622 23:01:15.348" level="INFO">Opening url 'http://automationpractice.com'</msg>
<status status="PASS" starttime="20210622 23:01:15.348" endtime="20210622 23:01:22.988"/>
</kw>
<kw name="Title Should Be" library="SeleniumLibrary">
<arg>My Store</arg>
<doc>Verifies that the current page title equals ``title``.</doc>
<msg timestamp="20210622 23:01:22.993" level="INFO">Page title is 'My Store'.</msg>
<status status="PASS" starttime="20210622 23:01:22.988" endtime="20210622 23:01:22.993"/>
</kw>
<status status="PASS" starttime="20210622 23:01:15.348" endtime="20210622 23:01:22.993"/>
</kw>
<kw name="Digitar o nome do produto &quot;Blouse&quot; no campo de pesquisa" library="Resource" sourcename="Digitar o nome do produto &quot;${PRODUTO}&quot; no campo de pesquisa">
<kw name="Input Text" library="SeleniumLibrary">
<arg>name=search_query</arg>
<arg>"${PRODUTO}"</arg>
<doc>Types the given ``text`` into the text field identified by ``locator``.</doc>
<msg timestamp="20210622 23:01:22.994" level="INFO">Typing text '"Blouse"' into text field 'name=search_query'.</msg>
<status status="PASS" starttime="20210622 23:01:22.994" endtime="20210622 23:01:23.067"/>
</kw>
<status status="PASS" starttime="20210622 23:01:22.994" endtime="20210622 23:01:23.067"/>
</kw>
<kw name="Clicar no botão pesquisar" library="Resource">
<kw name="Click Element" library="SeleniumLibrary">
<arg>name=submit_search</arg>
<doc>Click the element identified by ``locator``.</doc>
<msg timestamp="20210622 23:01:23.068" level="INFO">Clicking element 'name=submit_search'.</msg>
<status status="PASS" starttime="20210622 23:01:23.068" endtime="20210622 23:01:26.196"/>
</kw>
<status status="PASS" starttime="20210622 23:01:23.067" endtime="20210622 23:01:26.196"/>
</kw>
<kw name="Conferir se o produto &quot;Blouse&quot; foi listado no site" library="Resource" sourcename="Conferir se o produto &quot;${PRODUTO}&quot; foi listado no site">
<kw name="Wait Until Element Is Visible" library="SeleniumLibrary">
<arg>css:#center_column &gt; h1</arg>
<doc>Waits until the element ``locator`` is visible.</doc>
<status status="PASS" starttime="20210622 23:01:26.197" endtime="20210622 23:01:26.216"/>
</kw>
<kw name="Title Should Be" library="SeleniumLibrary">
<arg>Search - My Store</arg>
<doc>Verifies that the current page title equals ``title``.</doc>
<msg timestamp="20210622 23:01:26.219" level="INFO">Page title is 'Search - My Store'.</msg>
<status status="PASS" starttime="20210622 23:01:26.216" endtime="20210622 23:01:26.219"/>
</kw>
<kw name="Page Should Contain Image" library="SeleniumLibrary">
<arg>xpath=//*[@id="center_column"]//*[@src="http://automationpractice.com/img/p/7/7-home_default.jpg"]</arg>
<doc>Verifies image identified by ``locator`` is found from current page.</doc>
<msg timestamp="20210622 23:01:26.233" level="INFO">Current page contains image 'xpath=//*[@id="center_column"]//*[@src="http://automationpractice.com/img/p/7/7-home_default.jpg"]'.</msg>
<status status="PASS" starttime="20210622 23:01:26.219" endtime="20210622 23:01:26.233"/>
</kw>
<kw name="Page Should Contain Link" library="SeleniumLibrary">
<arg>xpath=//*[@id="center_column"]//a[@class="product-name"][contains(text(), "${PRODUTO}")]</arg>
<doc>Verifies link identified by ``locator`` is found from current page.</doc>
<msg timestamp="20210622 23:01:26.244" level="INFO">Current page contains link 'xpath=//*[@id="center_column"]//a[@class="product-name"][contains(text(), "Blouse")]'.</msg>
<status status="PASS" starttime="20210622 23:01:26.233" endtime="20210622 23:01:26.244"/>
</kw>
<status status="PASS" starttime="20210622 23:01:26.197" endtime="20210622 23:01:26.244"/>
</kw>
<kw name="Fechar navegador" library="Resource" type="TEARDOWN">
<kw name="Close Browser" library="SeleniumLibrary">
<doc>Closes the current browser.</doc>
<status status="PASS" starttime="20210622 23:01:26.246" endtime="20210622 23:01:28.381"/>
</kw>
<status status="PASS" starttime="20210622 23:01:26.246" endtime="20210622 23:01:28.381"/>
</kw>
<status status="PASS" starttime="20210622 23:01:13.944" endtime="20210622 23:01:28.381"/>
</test>
<test id="s1-t2" name="Caso de teste 02: Pesquisar produto não existente">
<kw name="Abrir navegador" library="Resource" type="SETUP">
<kw name="Open Browser" library="SeleniumLibrary">
<arg>about:blank</arg>
<arg>${BROWSER}</arg>
<doc>Opens a new browser instance to the optional ``url``.</doc>
<msg timestamp="20210622 23:01:28.381" level="INFO">Opening browser 'chrome' to base url 'about:blank'.</msg>
<status status="PASS" starttime="20210622 23:01:28.381" endtime="20210622 23:01:29.793"/>
</kw>
<status status="PASS" starttime="20210622 23:01:28.381" endtime="20210622 23:01:29.794"/>
</kw>
<kw name="Acessar a pagina home do site" library="Resource">
<kw name="Go To" library="SeleniumLibrary">
<arg>http://automationpractice.com</arg>
<doc>Navigates the current browser window to the provided ``url``.</doc>
<msg timestamp="20210622 23:01:29.794" level="INFO">Opening url 'http://automationpractice.com'</msg>
<status status="PASS" starttime="20210622 23:01:29.794" endtime="20210622 23:01:36.754"/>
</kw>
<kw name="Title Should Be" library="SeleniumLibrary">
<arg>My Store</arg>
<doc>Verifies that the current page title equals ``title``.</doc>
<msg timestamp="20210622 23:01:36.760" level="INFO">Page title is 'My Store'.</msg>
<status status="PASS" starttime="20210622 23:01:36.754" endtime="20210622 23:01:36.760"/>
</kw>
<status status="PASS" starttime="20210622 23:01:29.794" endtime="20210622 23:01:36.760"/>
</kw>
<kw name="Digitar o nome do produto &quot;itemNãoExistente&quot; no campo de pesquisa" library="Resource" sourcename="Digitar o nome do produto &quot;${PRODUTO}&quot; no campo de pesquisa">
<kw name="Input Text" library="SeleniumLibrary">
<arg>name=search_query</arg>
<arg>"${PRODUTO}"</arg>
<doc>Types the given ``text`` into the text field identified by ``locator``.</doc>
<msg timestamp="20210622 23:01:36.761" level="INFO">Typing text '"itemNãoExistente"' into text field 'name=search_query'.</msg>
<status status="PASS" starttime="20210622 23:01:36.761" endtime="20210622 23:01:36.838"/>
</kw>
<status status="PASS" starttime="20210622 23:01:36.761" endtime="20210622 23:01:36.838"/>
</kw>
<kw name="Clicar no botão pesquisar" library="Resource">
<kw name="Click Element" library="SeleniumLibrary">
<arg>name=submit_search</arg>
<doc>Click the element identified by ``locator``.</doc>
<msg timestamp="20210622 23:01:36.839" level="INFO">Clicking element 'name=submit_search'.</msg>
<status status="PASS" starttime="20210622 23:01:36.839" endtime="20210622 23:01:38.033"/>
</kw>
<status status="PASS" starttime="20210622 23:01:36.839" endtime="20210622 23:01:38.034"/>
</kw>
<kw name="Conferir mensagem de erro &quot;No results were found for your search&quot;" library="Resource" sourcename="Conferir mensagem de erro &quot;${MENSAGEM_ALERTA}&quot;">
<kw name="Wait Until Element Is Visible" library="SeleniumLibrary">
<arg>//*[@id="center_column"]/p[@class="alert alert-warning"]</arg>
<doc>Waits until the element ``locator`` is visible.</doc>
<status status="PASS" starttime="20210622 23:01:38.035" endtime="20210622 23:01:38.057"/>
</kw>
<kw name="Element Should Be Visible" library="SeleniumLibrary">
<arg>//*[@id="center_column"]/p[@class="alert alert-warning"]</arg>
<arg>"${MENSAGEM_ALERTA}"</arg>
<doc>Verifies that the element identified by ``locator`` is visible.</doc>
<msg timestamp="20210622 23:01:38.074" level="INFO">Element '//*[@id="center_column"]/p[@class="alert alert-warning"]' is displayed.</msg>
<status status="PASS" starttime="20210622 23:01:38.057" endtime="20210622 23:01:38.074"/>
</kw>
<status status="PASS" starttime="20210622 23:01:38.035" endtime="20210622 23:01:38.074"/>
</kw>
<kw name="Fechar navegador" library="Resource" type="TEARDOWN">
<kw name="Close Browser" library="SeleniumLibrary">
<doc>Closes the current browser.</doc>
<status status="PASS" starttime="20210622 23:01:38.075" endtime="20210622 23:01:40.179"/>
</kw>
<status status="PASS" starttime="20210622 23:01:38.075" endtime="20210622 23:01:40.179"/>
</kw>
<status status="PASS" starttime="20210622 23:01:28.381" endtime="20210622 23:01:40.179"/>
</test>
<status status="PASS" starttime="20210622 23:01:13.773" endtime="20210622 23:01:40.179"/>
</suite>
<statistics>
<total>
<stat pass="2" fail="0" skip="0">All Tests</stat>
</total>
<tag>
</tag>
<suite>
<stat pass="2" fail="0" skip="0" id="s1" name="TestSites">TestSites</stat>
</suite>
</statistics>
<errors>
</errors>
</robot>
